# JRE version: Java(TM) SE Runtime Environment (7.0_51-b13) (build 1.7.0_51-b13)
# Java VM: Java HotSpot(TM) 64-Bit Server VM (24.51-b03 mixed mode windows-amd64 compressed oops)
Heap
 PSYoungGen      total 233472K, used 55772K [0x00000000eaa80000, 0x0000000100000000, 0x0000000100000000)
  eden space 117248K, 26% used [0x00000000eaa80000,0x00000000ec888698,0x00000000f1d00000)
  from space 116224K, 21% used [0x00000000f1d00000,0x00000000f356ebd8,0x00000000f8e80000)
  to   space 116224K, 0% used [0x00000000f8e80000,0x00000000f8e80000,0x0000000100000000)
 ParOldGen       total 342528K, used 230934K [0x00000000c0000000, 0x00000000d4e80000, 0x00000000eaa80000)
  object space 342528K, 67% used [0x00000000c0000000,0x00000000ce185b90,0x00000000d4e80000)
 PSPermGen       total 21504K, used 6008K [0x00000000bae00000, 0x00000000bc300000, 0x00000000c0000000)
  object space 21504K, 27% used [0x00000000bae00000,0x00000000bb3de050,0x00000000bc300000)
GC Heap History (10 events):
Event: 27.776 GC heap before
{Heap before GC invocations=13 (full 3):
 PSYoungGen      total 192512K, used 75246K [0x00000000eaa80000, 0x0000000100000000, 0x0000000100000000)
  eden space 117248K, 0% used [0x00000000eaa80000,0x00000000eaa80000,0x00000000f1d00000)
  from space 75264K, 99% used [0x00000000fb680000,0x00000000ffffbb68,0x0000000100000000)
  to   space 116224K, 0% used [0x00000000f1d00000,0x00000000f1d00000,0x00000000f8e80000)
 ParOldGen       total 206848K, used 206664K [0x00000000c0000000, 0x00000000cca00000, 0x00000000eaa80000)
  object space 206848K, 99% used [0x00000000c0000000,0x00000000cc9d2138,0x00000000cca00000)
 PSPermGen       total 21504K, used 5977K [0x00000000bae00000, 0x00000000bc300000, 0x00000000c0000000)
  object space 21504K, 27% used [0x00000000bae00000,0x00000000bb3d6570,0x00000000bc300000)
Event: 28.197 GC heap after
Heap after GC invocations=13 (full 3):
 PSYoungGen      total 192512K, used 0K [0x00000000eaa80000, 0x0000000100000000, 0x0000000100000000)
  eden space 117248K, 0% used [0x00000000eaa80000,0x00000000eaa80000,0x00000000f1d00000)
  from space 75264K, 0% used [0x00000000fb680000,0x00000000fb680000,0x0000000100000000)
  to   space 116224K, 0% used [0x00000000f1d00000,0x00000000f1d00000,0x00000000f8e80000)
 ParOldGen       total 210432K, used 112893K [0x00000000c0000000, 0x00000000ccd80000, 0x00000000eaa80000)
  object space 210432K, 53% used [0x00000000c0000000,0x00000000c6e3f460,0x00000000ccd80000)
 PSPermGen       total 21504K, used 5977K [0x00000000bae00000, 0x00000000bc300000, 0x00000000c0000000)
  object space 21504K, 27% used [0x00000000bae00000,0x00000000bb3d6450,0x00000000bc300000)
}
Event: 28.243 GC heap before
{Heap before GC invocations=14 (full 3):
 PSYoungGen      total 192512K, used 117248K [0x00000000eaa80000, 0x0000000100000000, 0x0000000100000000)
  eden space 117248K, 100% used [0x00000000eaa80000,0x00000000f1d00000,0x00000000f1d00000)
  from space 75264K, 0% used [0x00000000fb680000,0x00000000fb680000,0x0000000100000000)
  to   space 116224K, 0% used [0x00000000f1d00000,0x00000000f1d00000,0x00000000f8e80000)
 ParOldGen       total 210432K, used 112893K [0x00000000c0000000, 0x00000000ccd80000, 0x00000000eaa80000)
  object space 210432K, 53% used [0x00000000c0000000,0x00000000c6e3f460,0x00000000ccd80000)
 PSPermGen       total 21504K, used 5977K [0x00000000bae00000, 0x00000000bc300000, 0x00000000c0000000)
  object space 21504K, 27% used [0x00000000bae00000,0x00000000bb3d6700,0x00000000bc300000)
Event: 28.277 GC heap after
Heap after GC invocations=14 (full 3):
 PSYoungGen      total 233472K, used 73157K [0x00000000eaa80000, 0x0000000100000000, 0x0000000100000000)
  eden space 117248K, 0% used [0x00000000eaa80000,0x00000000eaa80000,0x00000000f1d00000)
  from space 116224K, 62% used [0x00000000f1d00000,0x00000000f6471670,0x00000000f8e80000)
  to   space 116224K, 0% used [0x00000000f8e80000,0x00000000f8e80000,0x0000000100000000)
 ParOldGen       total 210432K, used 112893K [0x00000000c0000000, 0x00000000ccd80000, 0x00000000eaa80000)
  object space 210432K, 53% used [0x00000000c0000000,0x00000000c6e3f460,0x00000000ccd80000)
 PSPermGen       total 21504K, used 5977K [0x00000000bae00000, 0x00000000bc300000, 0x00000000c0000000)
  object space 21504K, 27% used [0x00000000bae00000,0x00000000bb3d6700,0x00000000bc300000)
}
Event: 28.334 GC heap before
{Heap before GC invocations=15 (full 3):
 PSYoungGen      total 233472K, used 190405K [0x00000000eaa80000, 0x0000000100000000, 0x0000000100000000)
  eden space 117248K, 100% used [0x00000000eaa80000,0x00000000f1d00000,0x00000000f1d00000)
  from space 116224K, 62% used [0x00000000f1d00000,0x00000000f6471670,0x00000000f8e80000)
  to   space 116224K, 0% used [0x00000000f8e80000,0x00000000f8e80000,0x0000000100000000)
 ParOldGen       total 210432K, used 112893K [0x00000000c0000000, 0x00000000ccd80000, 0x00000000eaa80000)
  object space 210432K, 53% used [0x00000000c0000000,0x00000000c6e3f460,0x00000000ccd80000)
 PSPermGen       total 21504K, used 5986K [0x00000000bae00000, 0x00000000bc300000, 0x00000000c0000000)
  object space 21504K, 27% used [0x00000000bae00000,0x00000000bb3d88b8,0x00000000bc300000)
Event: 28.392 GC heap after
Heap after GC invocations=15 (full 3):
 PSYoungGen      total 233472K, used 51082K [0x00000000eaa80000, 0x0000000100000000, 0x0000000100000000)
  eden space 117248K, 0% used [0x00000000eaa80000,0x00000000eaa80000,0x00000000f1d00000)
  from space 116224K, 43% used [0x00000000f8e80000,0x00000000fc062b18,0x0000000100000000)
  to   space 116224K, 0% used [0x00000000f1d00000,0x00000000f1d00000,0x00000000f8e80000)
 ParOldGen       total 210432K, used 189353K [0x00000000c0000000, 0x00000000ccd80000, 0x00000000eaa80000)
  object space 210432K, 89% used [0x00000000c0000000,0x00000000cb8ea560,0x00000000ccd80000)
 PSPermGen       total 21504K, used 5986K [0x00000000bae00000, 0x00000000bc300000, 0x00000000c0000000)
  object space 21504K, 27% used [0x00000000bae00000,0x00000000bb3d88b8,0x00000000bc300000)
}
Event: 28.392 GC heap before
{Heap before GC invocations=16 (full 4):
 PSYoungGen      total 233472K, used 51082K [0x00000000eaa80000, 0x0000000100000000, 0x0000000100000000)
  eden space 117248K, 0% used [0x00000000eaa80000,0x00000000eaa80000,0x00000000f1d00000)
  from space 116224K, 43% used [0x00000000f8e80000,0x00000000fc062b18,0x0000000100000000)
  to   space 116224K, 0% used [0x00000000f1d00000,0x00000000f1d00000,0x00000000f8e80000)
 ParOldGen       total 210432K, used 189353K [0x00000000c0000000, 0x00000000ccd80000, 0x00000000eaa80000)
  object space 210432K, 89% used [0x00000000c0000000,0x00000000cb8ea560,0x00000000ccd80000)
 PSPermGen       total 21504K, used 5986K [0x00000000bae00000, 0x00000000bc300000, 0x00000000c0000000)
  object space 21504K, 27% used [0x00000000bae00000,0x00000000bb3d88b8,0x00000000bc300000)
Event: 29.059 GC heap after
Heap after GC invocations=16 (full 4):
 PSYoungGen      total 233472K, used 19598K [0x00000000eaa80000, 0x0000000100000000, 0x0000000100000000)
  eden space 117248K, 0% used [0x00000000eaa80000,0x00000000eaa80000,0x00000000f1d00000)
  from space 116224K, 16% used [0x00000000f8e80000,0x00000000fa1a3b38,0x0000000100000000)
  to   space 116224K, 0% used [0x00000000f1d00000,0x00000000f1d00000,0x00000000f8e80000)
 ParOldGen       total 342528K, used 210270K [0x00000000c0000000, 0x00000000d4e80000, 0x00000000eaa80000)
  object space 342528K, 61% used [0x00000000c0000000,0x00000000ccd57b90,0x00000000d4e80000)
 PSPermGen       total 21504K, used 5986K [0x00000000bae00000, 0x00000000bc300000, 0x00000000c0000000)
  object space 21504K, 27% used [0x00000000bae00000,0x00000000bb3d88b8,0x00000000bc300000)
}
Event: 29.268 GC heap before
{Heap before GC invocations=17 (full 4):
 PSYoungGen      total 233472K, used 136846K [0x00000000eaa80000, 0x0000000100000000, 0x0000000100000000)
  eden space 117248K, 100% used [0x00000000eaa80000,0x00000000f1d00000,0x00000000f1d00000)
  from space 116224K, 16% used [0x00000000f8e80000,0x00000000fa1a3b38,0x0000000100000000)
  to   space 116224K, 0% used [0x00000000f1d00000,0x00000000f1d00000,0x00000000f8e80000)
 ParOldGen       total 342528K, used 210270K [0x00000000c0000000, 0x00000000d4e80000, 0x00000000eaa80000)
  object space 342528K, 61% used [0x00000000c0000000,0x00000000ccd57b90,0x00000000d4e80000)
 PSPermGen       total 21504K, used 6007K [0x00000000bae00000, 0x00000000bc300000, 0x00000000c0000000)
  object space 21504K, 27% used [0x00000000bae00000,0x00000000bb3ddd10,0x00000000bc300000)
Event: 29.402 GC heap after
Heap after GC invocations=17 (full 4):
 PSYoungGen      total 233472K, used 25018K [0x00000000eaa80000, 0x0000000100000000, 0x0000000100000000)
  eden space 117248K, 0% used [0x00000000eaa80000,0x00000000eaa80000,0x00000000f1d00000)
  from space 116224K, 21% used [0x00000000f1d00000,0x00000000f356ebd8,0x00000000f8e80000)
  to   space 116224K, 0% used [0x00000000f8e80000,0x00000000f8e80000,0x0000000100000000)
 ParOldGen       total 342528K, used 230934K [0x00000000c0000000, 0x00000000d4e80000, 0x00000000eaa80000)
  object space 342528K, 67% used [0x00000000c0000000,0x00000000ce185b90,0x00000000d4e80000)
 PSPermGen       total 21504K, used 6007K [0x00000000bae00000, 0x00000000bc300000, 0x00000000c0000000)
  object space 21504K, 27% used [0x00000000bae00000,0x00000000bb3ddd10,0x00000000bc300000)
}

