# JRE version: Java(TM) SE Runtime Environment (7.0_51-b13) (build 1.7.0_51-b13)
# Java VM: Java HotSpot(TM) 64-Bit Server VM (24.51-b03 mixed mode windows-amd64 compressed oops)
Heap
 PSYoungGen      total 248832K, used 31793K [0x00000000eaa80000, 0x00000000ffd00000, 0x0000000100000000)
  eden space 195072K, 10% used [0x00000000eaa80000,0x00000000ebe3d020,0x00000000f6900000)
  from space 53760K, 21% used [0x00000000fc500000,0x00000000fd04f4c0,0x00000000ff980000)
  to   space 75776K, 0% used [0x00000000f6900000,0x00000000f6900000,0x00000000fb300000)
 ParOldGen       total 227840K, used 154012K [0x00000000c0000000, 0x00000000cde80000, 0x00000000eaa80000)
  object space 227840K, 67% used [0x00000000c0000000,0x00000000c96673f0,0x00000000cde80000)
 PSPermGen       total 21504K, used 5942K [0x00000000bae00000, 0x00000000bc300000, 0x00000000c0000000)
  object space 21504K, 27% used [0x00000000bae00000,0x00000000bb3cdb38,0x00000000bc300000)
GC Heap History (10 events):
Event: 11.963 GC heap before
{Heap before GC invocations=7 (full 1):
 PSYoungGen      total 140288K, used 14838K [0x00000000eaa80000, 0x00000000f5e80000, 0x0000000100000000)
  eden space 125440K, 0% used [0x00000000eaa80000,0x00000000eaa80000,0x00000000f2500000)
  from space 14848K, 99% used [0x00000000f3d00000,0x00000000f4b7d808,0x00000000f4b80000)
  to   space 24576K, 0% used [0x00000000f2500000,0x00000000f2500000,0x00000000f3d00000)
 ParOldGen       total 43008K, used 32321K [0x00000000c0000000, 0x00000000c2a00000, 0x00000000eaa80000)
  object space 43008K, 75% used [0x00000000c0000000,0x00000000c1f905c0,0x00000000c2a00000)
 PSPermGen       total 21504K, used 5933K [0x00000000bae00000, 0x00000000bc300000, 0x00000000c0000000)
  object space 21504K, 27% used [0x00000000bae00000,0x00000000bb3cb728,0x00000000bc300000)
Event: 12.560 GC heap after
Heap after GC invocations=7 (full 1):
 PSYoungGen      total 140288K, used 2035K [0x00000000eaa80000, 0x00000000f5e80000, 0x0000000100000000)
  eden space 125440K, 0% used [0x00000000eaa80000,0x00000000eaa80000,0x00000000f2500000)
  from space 14848K, 13% used [0x00000000f3d00000,0x00000000f3efce80,0x00000000f4b80000)
  to   space 24576K, 0% used [0x00000000f2500000,0x00000000f2500000,0x00000000f3d00000)
 ParOldGen       total 76288K, used 42798K [0x00000000c0000000, 0x00000000c4a80000, 0x00000000eaa80000)
  object space 76288K, 56% used [0x00000000c0000000,0x00000000c29cbbe0,0x00000000c4a80000)
 PSPermGen       total 21504K, used 5929K [0x00000000bae00000, 0x00000000bc300000, 0x00000000c0000000)
  object space 21504K, 27% used [0x00000000bae00000,0x00000000bb3ca6a8,0x00000000bc300000)
}
Event: 12.945 GC heap before
{Heap before GC invocations=8 (full 1):
 PSYoungGen      total 140288K, used 127475K [0x00000000eaa80000, 0x00000000f5e80000, 0x0000000100000000)
  eden space 125440K, 100% used [0x00000000eaa80000,0x00000000f2500000,0x00000000f2500000)
  from space 14848K, 13% used [0x00000000f3d00000,0x00000000f3efce80,0x00000000f4b80000)
  to   space 24576K, 0% used [0x00000000f2500000,0x00000000f2500000,0x00000000f3d00000)
 ParOldGen       total 76288K, used 42798K [0x00000000c0000000, 0x00000000c4a80000, 0x00000000eaa80000)
  object space 76288K, 56% used [0x00000000c0000000,0x00000000c29cbbe0,0x00000000c4a80000)
 PSPermGen       total 21504K, used 5940K [0x00000000bae00000, 0x00000000bc300000, 0x00000000c0000000)
  object space 21504K, 27% used [0x00000000bae00000,0x00000000bb3cd3f0,0x00000000bc300000)
Event: 13.477 GC heap after
Heap after GC invocations=8 (full 1):
 PSYoungGen      total 150016K, used 24572K [0x00000000eaa80000, 0x00000000ff980000, 0x0000000100000000)
  eden space 125440K, 0% used [0x00000000eaa80000,0x00000000eaa80000,0x00000000f2500000)
  from space 24576K, 99% used [0x00000000f2500000,0x00000000f3cff148,0x00000000f3d00000)
  to   space 53760K, 0% used [0x00000000fc500000,0x00000000fc500000,0x00000000ff980000)
 ParOldGen       total 93696K, used 90321K [0x00000000c0000000, 0x00000000c5b80000, 0x00000000eaa80000)
  object space 93696K, 96% used [0x00000000c0000000,0x00000000c58347b0,0x00000000c5b80000)
 PSPermGen       total 21504K, used 5940K [0x00000000bae00000, 0x00000000bc300000, 0x00000000c0000000)
  object space 21504K, 27% used [0x00000000bae00000,0x00000000bb3cd3f0,0x00000000bc300000)
}
Event: 13.477 GC heap before
{Heap before GC invocations=9 (full 2):
 PSYoungGen      total 150016K, used 24572K [0x00000000eaa80000, 0x00000000ff980000, 0x0000000100000000)
  eden space 125440K, 0% used [0x00000000eaa80000,0x00000000eaa80000,0x00000000f2500000)
  from space 24576K, 99% used [0x00000000f2500000,0x00000000f3cff148,0x00000000f3d00000)
  to   space 53760K, 0% used [0x00000000fc500000,0x00000000fc500000,0x00000000ff980000)
 ParOldGen       total 93696K, used 90321K [0x00000000c0000000, 0x00000000c5b80000, 0x00000000eaa80000)
  object space 93696K, 96% used [0x00000000c0000000,0x00000000c58347b0,0x00000000c5b80000)
 PSPermGen       total 21504K, used 5940K [0x00000000bae00000, 0x00000000bc300000, 0x00000000c0000000)
  object space 21504K, 27% used [0x00000000bae00000,0x00000000bb3cd3f0,0x00000000bc300000)
Event: 14.054 GC heap after
Heap after GC invocations=9 (full 2):
 PSYoungGen      total 150016K, used 14714K [0x00000000eaa80000, 0x00000000ff980000, 0x0000000100000000)
  eden space 125440K, 0% used [0x00000000eaa80000,0x00000000eaa80000,0x00000000f2500000)
  from space 24576K, 59% used [0x00000000f2500000,0x00000000f335eb88,0x00000000f3d00000)
  to   space 53760K, 0% used [0x00000000fc500000,0x00000000fc500000,0x00000000ff980000)
 ParOldGen       total 154112K, used 93184K [0x00000000c0000000, 0x00000000c9680000, 0x00000000eaa80000)
  object space 154112K, 60% used [0x00000000c0000000,0x00000000c5b00198,0x00000000c9680000)
 PSPermGen       total 21504K, used 5940K [0x00000000bae00000, 0x00000000bc300000, 0x00000000c0000000)
  object space 21504K, 27% used [0x00000000bae00000,0x00000000bb3cd3b0,0x00000000bc300000)
}
Event: 14.171 GC heap before
{Heap before GC invocations=10 (full 2):
 PSYoungGen      total 150016K, used 140154K [0x00000000eaa80000, 0x00000000ff980000, 0x0000000100000000)
  eden space 125440K, 100% used [0x00000000eaa80000,0x00000000f2500000,0x00000000f2500000)
  from space 24576K, 59% used [0x00000000f2500000,0x00000000f335eb88,0x00000000f3d00000)
  to   space 53760K, 0% used [0x00000000fc500000,0x00000000fc500000,0x00000000ff980000)
 ParOldGen       total 154112K, used 93184K [0x00000000c0000000, 0x00000000c9680000, 0x00000000eaa80000)
  object space 154112K, 60% used [0x00000000c0000000,0x00000000c5b00198,0x00000000c9680000)
 PSPermGen       total 21504K, used 5942K [0x00000000bae00000, 0x00000000bc300000, 0x00000000c0000000)
  object space 21504K, 27% used [0x00000000bae00000,0x00000000bb3cdb78,0x00000000bc300000)
Event: 14.226 GC heap after
Heap after GC invocations=10 (full 2):
 PSYoungGen      total 248832K, used 53746K [0x00000000eaa80000, 0x00000000ffd00000, 0x0000000100000000)
  eden space 195072K, 0% used [0x00000000eaa80000,0x00000000eaa80000,0x00000000f6900000)
  from space 53760K, 99% used [0x00000000fc500000,0x00000000ff97cb20,0x00000000ff980000)
  to   space 75776K, 0% used [0x00000000f6900000,0x00000000f6900000,0x00000000fb300000)
 ParOldGen       total 154112K, used 118071K [0x00000000c0000000, 0x00000000c9680000, 0x00000000eaa80000)
  object space 154112K, 76% used [0x00000000c0000000,0x00000000c734dd48,0x00000000c9680000)
 PSPermGen       total 21504K, used 5942K [0x00000000bae00000, 0x00000000bc300000, 0x00000000c0000000)
  object space 21504K, 27% used [0x00000000bae00000,0x00000000bb3cdb78,0x00000000bc300000)
}
Event: 14.226 GC heap before
{Heap before GC invocations=11 (full 3):
 PSYoungGen      total 248832K, used 53746K [0x00000000eaa80000, 0x00000000ffd00000, 0x0000000100000000)
  eden space 195072K, 0% used [0x00000000eaa80000,0x00000000eaa80000,0x00000000f6900000)
  from space 53760K, 99% used [0x00000000fc500000,0x00000000ff97cb20,0x00000000ff980000)
  to   space 75776K, 0% used [0x00000000f6900000,0x00000000f6900000,0x00000000fb300000)
 ParOldGen       total 154112K, used 118071K [0x00000000c0000000, 0x00000000c9680000, 0x00000000eaa80000)
  object space 154112K, 76% used [0x00000000c0000000,0x00000000c734dd48,0x00000000c9680000)
 PSPermGen       total 21504K, used 5942K [0x00000000bae00000, 0x00000000bc300000, 0x00000000c0000000)
  object space 21504K, 27% used [0x00000000bae00000,0x00000000bb3cdb78,0x00000000bc300000)
Event: 14.724 GC heap after
Heap after GC invocations=11 (full 3):
 PSYoungGen      total 248832K, used 11581K [0x00000000eaa80000, 0x00000000ffd00000, 0x0000000100000000)
  eden space 195072K, 0% used [0x00000000eaa80000,0x00000000eaa80000,0x00000000f6900000)
  from space 53760K, 21% used [0x00000000fc500000,0x00000000fd04f4c0,0x00000000ff980000)
  to   space 75776K, 0% used [0x00000000f6900000,0x00000000f6900000,0x00000000fb300000)
 ParOldGen       total 227840K, used 154012K [0x00000000c0000000, 0x00000000cde80000, 0x00000000eaa80000)
  object space 227840K, 67% used [0x00000000c0000000,0x00000000c96673f0,0x00000000cde80000)
 PSPermGen       total 21504K, used 5942K [0x00000000bae00000, 0x00000000bc300000, 0x00000000c0000000)
  object space 21504K, 27% used [0x00000000bae00000,0x00000000bb3cdb38,0x00000000bc300000)
}

