# JRE version: Java(TM) SE Runtime Environment (7.0_51-b13) (build 1.7.0_51-b13)
# Java VM: Java HotSpot(TM) 64-Bit Server VM (24.51-b03 mixed mode windows-amd64 compressed oops)
Heap
 PSYoungGen      total 170496K, used 128306K [0x00000000eaa80000, 0x00000000ff700000, 0x0000000100000000)
  eden space 117248K, 64% used [0x00000000eaa80000,0x00000000ef3eeb88,0x00000000f1d00000)
  from space 53248K, 99% used [0x00000000f1d00000,0x00000000f50ddd90,0x00000000f5100000)
  to   space 111616K, 0% used [0x00000000f8a00000,0x00000000f8a00000,0x00000000ff700000)
 ParOldGen       total 396288K, used 296223K [0x00000000c0000000, 0x00000000d8300000, 0x00000000eaa80000)
  object space 396288K, 74% used [0x00000000c0000000,0x00000000d2147fe8,0x00000000d8300000)
 PSPermGen       total 21504K, used 6207K [0x00000000bae00000, 0x00000000bc300000, 0x00000000c0000000)
  object space 21504K, 28% used [0x00000000bae00000,0x00000000bb40fe78,0x00000000bc300000)
GC Heap History (10 events):
Event: 27.648 GC heap before
{Heap before GC invocations=18 (full 4):
 PSYoungGen      total 173056K, used 172776K [0x00000000eaa80000, 0x00000000ffa80000, 0x0000000100000000)
  eden space 117248K, 100% used [0x00000000eaa80000,0x00000000f1d00000,0x00000000f1d00000)
  from space 55808K, 99% used [0x00000000f1d00000,0x00000000f533a378,0x00000000f5380000)
  to   space 112640K, 0% used [0x00000000f8c80000,0x00000000f8c80000,0x00000000ffa80000)
 ParOldGen       total 253440K, used 140215K [0x00000000c0000000, 0x00000000cf780000, 0x00000000eaa80000)
  object space 253440K, 55% used [0x00000000c0000000,0x00000000c88edca0,0x00000000cf780000)
 PSPermGen       total 21504K, used 6022K [0x00000000bae00000, 0x00000000bc300000, 0x00000000c0000000)
  object space 21504K, 28% used [0x00000000bae00000,0x00000000bb3e19d0,0x00000000bc300000)
Event: 28.010 GC heap after
Heap after GC invocations=18 (full 4):
 PSYoungGen      total 227840K, used 97791K [0x00000000eaa80000, 0x0000000100000000, 0x0000000100000000)
  eden space 115200K, 0% used [0x00000000eaa80000,0x00000000eaa80000,0x00000000f1b00000)
  from space 112640K, 86% used [0x00000000f8c80000,0x00000000febffc68,0x00000000ffa80000)
  to   space 116224K, 0% used [0x00000000f1b00000,0x00000000f1b00000,0x00000000f8c80000)
 ParOldGen       total 253440K, used 140215K [0x00000000c0000000, 0x00000000cf780000, 0x00000000eaa80000)
  object space 253440K, 55% used [0x00000000c0000000,0x00000000c88edca0,0x00000000cf780000)
 PSPermGen       total 21504K, used 6022K [0x00000000bae00000, 0x00000000bc300000, 0x00000000c0000000)
  object space 21504K, 28% used [0x00000000bae00000,0x00000000bb3e19d0,0x00000000bc300000)
}
Event: 28.168 GC heap before
{Heap before GC invocations=19 (full 4):
 PSYoungGen      total 227840K, used 212991K [0x00000000eaa80000, 0x0000000100000000, 0x0000000100000000)
  eden space 115200K, 100% used [0x00000000eaa80000,0x00000000f1b00000,0x00000000f1b00000)
  from space 112640K, 86% used [0x00000000f8c80000,0x00000000febffc68,0x00000000ffa80000)
  to   space 116224K, 0% used [0x00000000f1b00000,0x00000000f1b00000,0x00000000f8c80000)
 ParOldGen       total 253440K, used 140215K [0x00000000c0000000, 0x00000000cf780000, 0x00000000eaa80000)
  object space 253440K, 55% used [0x00000000c0000000,0x00000000c88edca0,0x00000000cf780000)
 PSPermGen       total 21504K, used 6026K [0x00000000bae00000, 0x00000000bc300000, 0x00000000c0000000)
  object space 21504K, 28% used [0x00000000bae00000,0x00000000bb3e28e8,0x00000000bc300000)
Event: 29.073 GC heap after
Heap after GC invocations=19 (full 4):
 PSYoungGen      total 231424K, used 44003K [0x00000000eaa80000, 0x0000000100000000, 0x0000000100000000)
  eden space 115200K, 0% used [0x00000000eaa80000,0x00000000eaa80000,0x00000000f1b00000)
  from space 116224K, 37% used [0x00000000f1b00000,0x00000000f45f8fa8,0x00000000f8c80000)
  to   space 116224K, 0% used [0x00000000f8e80000,0x00000000f8e80000,0x0000000100000000)
 ParOldGen       total 253440K, used 238696K [0x00000000c0000000, 0x00000000cf780000, 0x00000000eaa80000)
  object space 253440K, 94% used [0x00000000c0000000,0x00000000ce91a228,0x00000000cf780000)
 PSPermGen       total 21504K, used 6026K [0x00000000bae00000, 0x00000000bc300000, 0x00000000c0000000)
  object space 21504K, 28% used [0x00000000bae00000,0x00000000bb3e28e8,0x00000000bc300000)
}
Event: 29.073 GC heap before
{Heap before GC invocations=20 (full 5):
 PSYoungGen      total 231424K, used 44003K [0x00000000eaa80000, 0x0000000100000000, 0x0000000100000000)
  eden space 115200K, 0% used [0x00000000eaa80000,0x00000000eaa80000,0x00000000f1b00000)
  from space 116224K, 37% used [0x00000000f1b00000,0x00000000f45f8fa8,0x00000000f8c80000)
  to   space 116224K, 0% used [0x00000000f8e80000,0x00000000f8e80000,0x0000000100000000)
 ParOldGen       total 253440K, used 238696K [0x00000000c0000000, 0x00000000cf780000, 0x00000000eaa80000)
  object space 253440K, 94% used [0x00000000c0000000,0x00000000ce91a228,0x00000000cf780000)
 PSPermGen       total 21504K, used 6026K [0x00000000bae00000, 0x00000000bc300000, 0x00000000c0000000)
  object space 21504K, 28% used [0x00000000bae00000,0x00000000bb3e28e8,0x00000000bc300000)
Event: 30.694 GC heap after
Heap after GC invocations=20 (full 5):
 PSYoungGen      total 231424K, used 18191K [0x00000000eaa80000, 0x0000000100000000, 0x0000000100000000)
  eden space 115200K, 0% used [0x00000000eaa80000,0x00000000eaa80000,0x00000000f1b00000)
  from space 116224K, 15% used [0x00000000f1b00000,0x00000000f2cc3cd0,0x00000000f8c80000)
  to   space 116224K, 0% used [0x00000000f8e80000,0x00000000f8e80000,0x0000000100000000)
 ParOldGen       total 396288K, used 253035K [0x00000000c0000000, 0x00000000d8300000, 0x00000000eaa80000)
  object space 396288K, 63% used [0x00000000c0000000,0x00000000cf71ac90,0x00000000d8300000)
 PSPermGen       total 21504K, used 6026K [0x00000000bae00000, 0x00000000bc300000, 0x00000000c0000000)
  object space 21504K, 28% used [0x00000000bae00000,0x00000000bb3e28e8,0x00000000bc300000)
}
Event: 32.524 GC heap before
{Heap before GC invocations=21 (full 5):
 PSYoungGen      total 231424K, used 133391K [0x00000000eaa80000, 0x0000000100000000, 0x0000000100000000)
  eden space 115200K, 100% used [0x00000000eaa80000,0x00000000f1b00000,0x00000000f1b00000)
  from space 116224K, 15% used [0x00000000f1b00000,0x00000000f2cc3cd0,0x00000000f8c80000)
  to   space 116224K, 0% used [0x00000000f8e80000,0x00000000f8e80000,0x0000000100000000)
 ParOldGen       total 396288K, used 253035K [0x00000000c0000000, 0x00000000d8300000, 0x00000000eaa80000)
  object space 396288K, 63% used [0x00000000c0000000,0x00000000cf71ac90,0x00000000d8300000)
 PSPermGen       total 21504K, used 6028K [0x00000000bae00000, 0x00000000bc300000, 0x00000000c0000000)
  object space 21504K, 28% used [0x00000000bae00000,0x00000000bb3e33c8,0x00000000bc300000)
Event: 32.583 GC heap after
Heap after GC invocations=21 (full 5):
 PSYoungGen      total 233472K, used 26861K [0x00000000eaa80000, 0x0000000100000000, 0x0000000100000000)
  eden space 117248K, 0% used [0x00000000eaa80000,0x00000000eaa80000,0x00000000f1d00000)
  from space 116224K, 23% used [0x00000000f8e80000,0x00000000fa8bb518,0x0000000100000000)
  to   space 116224K, 0% used [0x00000000f1d00000,0x00000000f1d00000,0x00000000f8e80000)
 ParOldGen       total 396288K, used 271916K [0x00000000c0000000, 0x00000000d8300000, 0x00000000eaa80000)
  object space 396288K, 68% used [0x00000000c0000000,0x00000000d098b3f0,0x00000000d8300000)
 PSPermGen       total 21504K, used 6028K [0x00000000bae00000, 0x00000000bc300000, 0x00000000c0000000)
  object space 21504K, 28% used [0x00000000bae00000,0x00000000bb3e33c8,0x00000000bc300000)
}
Event: 32.960 GC heap before
{Heap before GC invocations=22 (full 5):
 PSYoungGen      total 233472K, used 144109K [0x00000000eaa80000, 0x0000000100000000, 0x0000000100000000)
  eden space 117248K, 100% used [0x00000000eaa80000,0x00000000f1d00000,0x00000000f1d00000)
  from space 116224K, 23% used [0x00000000f8e80000,0x00000000fa8bb518,0x0000000100000000)
  to   space 116224K, 0% used [0x00000000f1d00000,0x00000000f1d00000,0x00000000f8e80000)
 ParOldGen       total 396288K, used 271916K [0x00000000c0000000, 0x00000000d8300000, 0x00000000eaa80000)
  object space 396288K, 68% used [0x00000000c0000000,0x00000000d098b3f0,0x00000000d8300000)
 PSPermGen       total 21504K, used 6031K [0x00000000bae00000, 0x00000000bc300000, 0x00000000c0000000)
  object space 21504K, 28% used [0x00000000bae00000,0x00000000bb3e3d00,0x00000000bc300000)
Event: 33.463 GC heap after
Heap after GC invocations=22 (full 5):
 PSYoungGen      total 170496K, used 53111K [0x00000000eaa80000, 0x00000000ff700000, 0x0000000100000000)
  eden space 117248K, 0% used [0x00000000eaa80000,0x00000000eaa80000,0x00000000f1d00000)
  from space 53248K, 99% used [0x00000000f1d00000,0x00000000f50ddd90,0x00000000f5100000)
  to   space 111616K, 0% used [0x00000000f8a00000,0x00000000f8a00000,0x00000000ff700000)
 ParOldGen       total 396288K, used 296223K [0x00000000c0000000, 0x00000000d8300000, 0x00000000eaa80000)
  object space 396288K, 74% used [0x00000000c0000000,0x00000000d2147fe8,0x00000000d8300000)
 PSPermGen       total 21504K, used 6031K [0x00000000bae00000, 0x00000000bc300000, 0x00000000c0000000)
  object space 21504K, 28% used [0x00000000bae00000,0x00000000bb3e3d00,0x00000000bc300000)
}

