# JRE version: Java(TM) SE Runtime Environment (7.0_51-b13) (build 1.7.0_51-b13)
# Java VM: Java HotSpot(TM) 64-Bit Server VM (24.51-b03 mixed mode windows-amd64 compressed oops)
Heap
 PSYoungGen      total 147968K, used 101728K [0x00000000eaa80000, 0x00000000f5580000, 0x0000000100000000)
  eden space 131584K, 65% used [0x00000000eaa80000,0x00000000efe84440,0x00000000f2b00000)
  from space 16384K, 95% used [0x00000000f3e80000,0x00000000f4dd3cd0,0x00000000f4e80000)
  to   space 19968K, 0% used [0x00000000f2b00000,0x00000000f2b00000,0x00000000f3e80000)
 ParOldGen       total 43008K, used 24744K [0x00000000c0000000, 0x00000000c2a00000, 0x00000000eaa80000)
  object space 43008K, 57% used [0x00000000c0000000,0x00000000c182a3a0,0x00000000c2a00000)
 PSPermGen       total 21504K, used 6395K [0x00000000bae00000, 0x00000000bc300000, 0x00000000c0000000)
  object space 21504K, 29% used [0x00000000bae00000,0x00000000bb43ee30,0x00000000bc300000)
GC Heap History (10 events):
Event: 3.483 GC heap before
{Heap before GC invocations=2 (full 0):
 PSYoungGen      total 19456K, used 18068K [0x00000000eaa80000, 0x00000000ed080000, 0x0000000100000000)
  eden space 16896K, 100% used [0x00000000eaa80000,0x00000000ebb00000,0x00000000ebb00000)
  from space 2560K, 45% used [0x00000000ebb00000,0x00000000ebc252c8,0x00000000ebd80000)
  to   space 2560K, 0% used [0x00000000ece00000,0x00000000ece00000,0x00000000ed080000)
 ParOldGen       total 43008K, used 0K [0x00000000c0000000, 0x00000000c2a00000, 0x00000000eaa80000)
  object space 43008K, 0% used [0x00000000c0000000,0x00000000c0000000,0x00000000c2a00000)
 PSPermGen       total 21504K, used 5655K [0x00000000bae00000, 0x00000000bc300000, 0x00000000c0000000)
  object space 21504K, 26% used [0x00000000bae00000,0x00000000bb385d10,0x00000000bc300000)
Event: 4.503 GC heap after
Heap after GC invocations=2 (full 0):
 PSYoungGen      total 36352K, used 2538K [0x00000000eaa80000, 0x00000000ed080000, 0x0000000100000000)
  eden space 33792K, 0% used [0x00000000eaa80000,0x00000000eaa80000,0x00000000ecb80000)
  from space 2560K, 99% used [0x00000000ece00000,0x00000000ed07aac8,0x00000000ed080000)
  to   space 2560K, 0% used [0x00000000ecb80000,0x00000000ecb80000,0x00000000ece00000)
 ParOldGen       total 43008K, used 1773K [0x00000000c0000000, 0x00000000c2a00000, 0x00000000eaa80000)
  object space 43008K, 4% used [0x00000000c0000000,0x00000000c01bb540,0x00000000c2a00000)
 PSPermGen       total 21504K, used 5655K [0x00000000bae00000, 0x00000000bc300000, 0x00000000c0000000)
  object space 21504K, 26% used [0x00000000bae00000,0x00000000bb385d10,0x00000000bc300000)
}
Event: 5.506 GC heap before
{Heap before GC invocations=3 (full 0):
 PSYoungGen      total 36352K, used 36330K [0x00000000eaa80000, 0x00000000ed080000, 0x0000000100000000)
  eden space 33792K, 100% used [0x00000000eaa80000,0x00000000ecb80000,0x00000000ecb80000)
  from space 2560K, 99% used [0x00000000ece00000,0x00000000ed07aac8,0x00000000ed080000)
  to   space 2560K, 0% used [0x00000000ecb80000,0x00000000ecb80000,0x00000000ece00000)
 ParOldGen       total 43008K, used 1773K [0x00000000c0000000, 0x00000000c2a00000, 0x00000000eaa80000)
  object space 43008K, 4% used [0x00000000c0000000,0x00000000c01bb540,0x00000000c2a00000)
 PSPermGen       total 21504K, used 5820K [0x00000000bae00000, 0x00000000bc300000, 0x00000000c0000000)
  object space 21504K, 27% used [0x00000000bae00000,0x00000000bb3af2b0,0x00000000bc300000)
Event: 5.634 GC heap after
Heap after GC invocations=3 (full 0):
 PSYoungGen      total 36352K, used 2528K [0x00000000eaa80000, 0x00000000ef180000, 0x0000000100000000)
  eden space 33792K, 0% used [0x00000000eaa80000,0x00000000eaa80000,0x00000000ecb80000)
  from space 2560K, 98% used [0x00000000ecb80000,0x00000000ecdf8018,0x00000000ece00000)
  to   space 2560K, 0% used [0x00000000eef00000,0x00000000eef00000,0x00000000ef180000)
 ParOldGen       total 43008K, used 7529K [0x00000000c0000000, 0x00000000c2a00000, 0x00000000eaa80000)
  object space 43008K, 17% used [0x00000000c0000000,0x00000000c075a570,0x00000000c2a00000)
 PSPermGen       total 21504K, used 5820K [0x00000000bae00000, 0x00000000bc300000, 0x00000000c0000000)
  object space 21504K, 27% used [0x00000000bae00000,0x00000000bb3af2b0,0x00000000bc300000)
}
Event: 7.793 GC heap before
{Heap before GC invocations=4 (full 0):
 PSYoungGen      total 36352K, used 36320K [0x00000000eaa80000, 0x00000000ef180000, 0x0000000100000000)
  eden space 33792K, 100% used [0x00000000eaa80000,0x00000000ecb80000,0x00000000ecb80000)
  from space 2560K, 98% used [0x00000000ecb80000,0x00000000ecdf8018,0x00000000ece00000)
  to   space 2560K, 0% used [0x00000000eef00000,0x00000000eef00000,0x00000000ef180000)
 ParOldGen       total 43008K, used 7529K [0x00000000c0000000, 0x00000000c2a00000, 0x00000000eaa80000)
  object space 43008K, 17% used [0x00000000c0000000,0x00000000c075a570,0x00000000c2a00000)
 PSPermGen       total 21504K, used 5848K [0x00000000bae00000, 0x00000000bc300000, 0x00000000c0000000)
  object space 21504K, 27% used [0x00000000bae00000,0x00000000bb3b6020,0x00000000bc300000)
Event: 8.326 GC heap after
Heap after GC invocations=4 (full 0):
 PSYoungGen      total 70144K, used 2531K [0x00000000eaa80000, 0x00000000ef180000, 0x0000000100000000)
  eden space 67584K, 0% used [0x00000000eaa80000,0x00000000eaa80000,0x00000000eec80000)
  from space 2560K, 98% used [0x00000000eef00000,0x00000000ef178f08,0x00000000ef180000)
  to   space 2560K, 0% used [0x00000000eec80000,0x00000000eec80000,0x00000000eef00000)
 ParOldGen       total 43008K, used 13268K [0x00000000c0000000, 0x00000000c2a00000, 0x00000000eaa80000)
  object space 43008K, 30% used [0x00000000c0000000,0x00000000c0cf5170,0x00000000c2a00000)
 PSPermGen       total 21504K, used 5848K [0x00000000bae00000, 0x00000000bc300000, 0x00000000c0000000)
  object space 21504K, 27% used [0x00000000bae00000,0x00000000bb3b6020,0x00000000bc300000)
}
Event: 9.040 GC heap before
{Heap before GC invocations=5 (full 0):
 PSYoungGen      total 70144K, used 70115K [0x00000000eaa80000, 0x00000000ef180000, 0x0000000100000000)
  eden space 67584K, 100% used [0x00000000eaa80000,0x00000000eec80000,0x00000000eec80000)
  from space 2560K, 98% used [0x00000000eef00000,0x00000000ef178f08,0x00000000ef180000)
  to   space 2560K, 0% used [0x00000000eec80000,0x00000000eec80000,0x00000000eef00000)
 ParOldGen       total 43008K, used 13268K [0x00000000c0000000, 0x00000000c2a00000, 0x00000000eaa80000)
  object space 43008K, 30% used [0x00000000c0000000,0x00000000c0cf5170,0x00000000c2a00000)
 PSPermGen       total 21504K, used 5909K [0x00000000bae00000, 0x00000000bc300000, 0x00000000c0000000)
  object space 21504K, 27% used [0x00000000bae00000,0x00000000bb3c5718,0x00000000bc300000)
Event: 9.150 GC heap after
Heap after GC invocations=5 (full 0):
 PSYoungGen      total 70144K, used 2531K [0x00000000eaa80000, 0x00000000f4e80000, 0x0000000100000000)
  eden space 67584K, 0% used [0x00000000eaa80000,0x00000000eaa80000,0x00000000eec80000)
  from space 2560K, 98% used [0x00000000eec80000,0x00000000eeef8f08,0x00000000eef00000)
  to   space 16384K, 0% used [0x00000000f3e80000,0x00000000f3e80000,0x00000000f4e80000)
 ParOldGen       total 43008K, used 24744K [0x00000000c0000000, 0x00000000c2a00000, 0x00000000eaa80000)
  object space 43008K, 57% used [0x00000000c0000000,0x00000000c182a3a0,0x00000000c2a00000)
 PSPermGen       total 21504K, used 5909K [0x00000000bae00000, 0x00000000bc300000, 0x00000000c0000000)
  object space 21504K, 27% used [0x00000000bae00000,0x00000000bb3c5718,0x00000000bc300000)
}
Event: 11.342 GC heap before
{Heap before GC invocations=6 (full 0):
 PSYoungGen      total 70144K, used 70115K [0x00000000eaa80000, 0x00000000f4e80000, 0x0000000100000000)
  eden space 67584K, 100% used [0x00000000eaa80000,0x00000000eec80000,0x00000000eec80000)
  from space 2560K, 98% used [0x00000000eec80000,0x00000000eeef8f08,0x00000000eef00000)
  to   space 16384K, 0% used [0x00000000f3e80000,0x00000000f3e80000,0x00000000f4e80000)
 ParOldGen       total 43008K, used 24744K [0x00000000c0000000, 0x00000000c2a00000, 0x00000000eaa80000)
  object space 43008K, 57% used [0x00000000c0000000,0x00000000c182a3a0,0x00000000c2a00000)
 PSPermGen       total 21504K, used 5943K [0x00000000bae00000, 0x00000000bc300000, 0x00000000c0000000)
  object space 21504K, 27% used [0x00000000bae00000,0x00000000bb3cde08,0x00000000bc300000)
Event: 12.852 GC heap after
Heap after GC invocations=6 (full 0):
 PSYoungGen      total 147968K, used 15695K [0x00000000eaa80000, 0x00000000f5580000, 0x0000000100000000)
  eden space 131584K, 0% used [0x00000000eaa80000,0x00000000eaa80000,0x00000000f2b00000)
  from space 16384K, 95% used [0x00000000f3e80000,0x00000000f4dd3cd0,0x00000000f4e80000)
  to   space 19968K, 0% used [0x00000000f2b00000,0x00000000f2b00000,0x00000000f3e80000)
 ParOldGen       total 43008K, used 24744K [0x00000000c0000000, 0x00000000c2a00000, 0x00000000eaa80000)
  object space 43008K, 57% used [0x00000000c0000000,0x00000000c182a3a0,0x00000000c2a00000)
 PSPermGen       total 21504K, used 5943K [0x00000000bae00000, 0x00000000bc300000, 0x00000000c0000000)
  object space 21504K, 27% used [0x00000000bae00000,0x00000000bb3cde08,0x00000000bc300000)
}

