# JRE version: Java(TM) SE Runtime Environment (7.0_51-b13) (build 1.7.0_51-b13)
# Java VM: Java HotSpot(TM) 64-Bit Server VM (24.51-b03 mixed mode windows-amd64 compressed oops)
Heap
 PSYoungGen      total 83456K, used 27085K [0x00000000eaa80000, 0x00000000f1200000, 0x0000000100000000)
  eden space 62976K, 17% used [0x00000000eaa80000,0x00000000eb50d9b8,0x00000000ee800000)
  from space 20480K, 79% used [0x00000000efe00000,0x00000000f0de5c38,0x00000000f1200000)
  to   space 21504K, 0% used [0x00000000ee800000,0x00000000ee800000,0x00000000efd00000)
 ParOldGen       total 175104K, used 17229K [0x00000000c0000000, 0x00000000cab00000, 0x00000000eaa80000)
  object space 175104K, 9% used [0x00000000c0000000,0x00000000c10d36f8,0x00000000cab00000)
 PSPermGen       total 34304K, used 34252K [0x00000000bae00000, 0x00000000bcf80000, 0x00000000c0000000)
  object space 34304K, 99% used [0x00000000bae00000,0x00000000bcf73038,0x00000000bcf80000)
GC Heap History (10 events):
Event: 7.965 GC heap before
{Heap before GC invocations=2 (full 0):
 PSYoungGen      total 76800K, used 74888K [0x00000000eaa80000, 0x00000000f0000000, 0x0000000100000000)
  eden space 66048K, 100% used [0x00000000eaa80000,0x00000000eeb00000,0x00000000eeb00000)
  from space 10752K, 82% used [0x00000000eeb00000,0x00000000ef3a2290,0x00000000ef580000)
  to   space 10752K, 0% used [0x00000000ef580000,0x00000000ef580000,0x00000000f0000000)
 ParOldGen       total 175104K, used 8K [0x00000000c0000000, 0x00000000cab00000, 0x00000000eaa80000)
  object space 175104K, 0% used [0x00000000c0000000,0x00000000c0002000,0x00000000cab00000)
 PSPermGen       total 21504K, used 20346K [0x00000000bae00000, 0x00000000bc300000, 0x00000000c0000000)
  object space 21504K, 94% used [0x00000000bae00000,0x00000000bc1dea28,0x00000000bc300000)
Event: 7.977 GC heap after
Heap after GC invocations=2 (full 0):
 PSYoungGen      total 76800K, used 10749K [0x00000000eaa80000, 0x00000000f0000000, 0x0000000100000000)
  eden space 66048K, 0% used [0x00000000eaa80000,0x00000000eaa80000,0x00000000eeb00000)
  from space 10752K, 99% used [0x00000000ef580000,0x00000000effff448,0x00000000f0000000)
  to   space 10752K, 0% used [0x00000000eeb00000,0x00000000eeb00000,0x00000000ef580000)
 ParOldGen       total 175104K, used 1802K [0x00000000c0000000, 0x00000000cab00000, 0x00000000eaa80000)
  object space 175104K, 1% used [0x00000000c0000000,0x00000000c01c2a00,0x00000000cab00000)
 PSPermGen       total 21504K, used 20346K [0x00000000bae00000, 0x00000000bc300000, 0x00000000c0000000)
  object space 21504K, 94% used [0x00000000bae00000,0x00000000bc1dea28,0x00000000bc300000)
}
Event: 9.668 GC heap before
{Heap before GC invocations=3 (full 0):
 PSYoungGen      total 76800K, used 76797K [0x00000000eaa80000, 0x00000000f0000000, 0x0000000100000000)
  eden space 66048K, 100% used [0x00000000eaa80000,0x00000000eeb00000,0x00000000eeb00000)
  from space 10752K, 99% used [0x00000000ef580000,0x00000000effff448,0x00000000f0000000)
  to   space 10752K, 0% used [0x00000000eeb00000,0x00000000eeb00000,0x00000000ef580000)
 ParOldGen       total 175104K, used 1802K [0x00000000c0000000, 0x00000000cab00000, 0x00000000eaa80000)
  object space 175104K, 1% used [0x00000000c0000000,0x00000000c01c2a00,0x00000000cab00000)
 PSPermGen       total 26112K, used 25856K [0x00000000bae00000, 0x00000000bc780000, 0x00000000c0000000)
  object space 26112K, 99% used [0x00000000bae00000,0x00000000bc740080,0x00000000bc780000)
Event: 9.680 GC heap after
Heap after GC invocations=3 (full 0):
 PSYoungGen      total 76800K, used 10742K [0x00000000eaa80000, 0x00000000f0000000, 0x0000000100000000)
  eden space 66048K, 0% used [0x00000000eaa80000,0x00000000eaa80000,0x00000000eeb00000)
  from space 10752K, 99% used [0x00000000eeb00000,0x00000000ef57d938,0x00000000ef580000)
  to   space 10752K, 0% used [0x00000000ef580000,0x00000000ef580000,0x00000000f0000000)
 ParOldGen       total 175104K, used 4350K [0x00000000c0000000, 0x00000000cab00000, 0x00000000eaa80000)
  object space 175104K, 2% used [0x00000000c0000000,0x00000000c043fbd0,0x00000000cab00000)
 PSPermGen       total 26112K, used 25856K [0x00000000bae00000, 0x00000000bc780000, 0x00000000c0000000)
  object space 26112K, 99% used [0x00000000bae00000,0x00000000bc740080,0x00000000bc780000)
}
Event: 12.240 GC heap before
{Heap before GC invocations=4 (full 0):
 PSYoungGen      total 76800K, used 76790K [0x00000000eaa80000, 0x00000000f0000000, 0x0000000100000000)
  eden space 66048K, 100% used [0x00000000eaa80000,0x00000000eeb00000,0x00000000eeb00000)
  from space 10752K, 99% used [0x00000000eeb00000,0x00000000ef57d938,0x00000000ef580000)
  to   space 10752K, 0% used [0x00000000ef580000,0x00000000ef580000,0x00000000f0000000)
 ParOldGen       total 175104K, used 4350K [0x00000000c0000000, 0x00000000cab00000, 0x00000000eaa80000)
  object space 175104K, 2% used [0x00000000c0000000,0x00000000c043fbd0,0x00000000cab00000)
 PSPermGen       total 29184K, used 29050K [0x00000000bae00000, 0x00000000bca80000, 0x00000000c0000000)
  object space 29184K, 99% used [0x00000000bae00000,0x00000000bca5e8f8,0x00000000bca80000)
Event: 12.254 GC heap after
Heap after GC invocations=4 (full 0):
 PSYoungGen      total 76800K, used 10740K [0x00000000eaa80000, 0x00000000f0000000, 0x0000000100000000)
  eden space 66048K, 0% used [0x00000000eaa80000,0x00000000eaa80000,0x00000000eeb00000)
  from space 10752K, 99% used [0x00000000ef580000,0x00000000efffd030,0x00000000f0000000)
  to   space 10752K, 0% used [0x00000000eeb00000,0x00000000eeb00000,0x00000000ef580000)
 ParOldGen       total 175104K, used 8049K [0x00000000c0000000, 0x00000000cab00000, 0x00000000eaa80000)
  object space 175104K, 4% used [0x00000000c0000000,0x00000000c07dc7e0,0x00000000cab00000)
 PSPermGen       total 29184K, used 29050K [0x00000000bae00000, 0x00000000bca80000, 0x00000000c0000000)
  object space 29184K, 99% used [0x00000000bae00000,0x00000000bca5e8f8,0x00000000bca80000)
}
Event: 19.914 GC heap before
{Heap before GC invocations=5 (full 0):
 PSYoungGen      total 76800K, used 76788K [0x00000000eaa80000, 0x00000000f0000000, 0x0000000100000000)
  eden space 66048K, 100% used [0x00000000eaa80000,0x00000000eeb00000,0x00000000eeb00000)
  from space 10752K, 99% used [0x00000000ef580000,0x00000000efffd030,0x00000000f0000000)
  to   space 10752K, 0% used [0x00000000eeb00000,0x00000000eeb00000,0x00000000ef580000)
 ParOldGen       total 175104K, used 8049K [0x00000000c0000000, 0x00000000cab00000, 0x00000000eaa80000)
  object space 175104K, 4% used [0x00000000c0000000,0x00000000c07dc7e0,0x00000000cab00000)
 PSPermGen       total 32256K, used 32039K [0x00000000bae00000, 0x00000000bcd80000, 0x00000000c0000000)
  object space 32256K, 99% used [0x00000000bae00000,0x00000000bcd49e58,0x00000000bcd80000)
Event: 19.942 GC heap after
Heap after GC invocations=5 (full 0):
 PSYoungGen      total 75264K, used 10733K [0x00000000eaa80000, 0x00000000f1280000, 0x0000000100000000)
  eden space 64512K, 0% used [0x00000000eaa80000,0x00000000eaa80000,0x00000000ee980000)
  from space 10752K, 99% used [0x00000000eeb00000,0x00000000ef57b668,0x00000000ef580000)
  to   space 20992K, 0% used [0x00000000efe00000,0x00000000efe00000,0x00000000f1280000)
 ParOldGen       total 175104K, used 17229K [0x00000000c0000000, 0x00000000cab00000, 0x00000000eaa80000)
  object space 175104K, 9% used [0x00000000c0000000,0x00000000c10d36f8,0x00000000cab00000)
 PSPermGen       total 32256K, used 32039K [0x00000000bae00000, 0x00000000bcd80000, 0x00000000c0000000)
  object space 32256K, 99% used [0x00000000bae00000,0x00000000bcd49e58,0x00000000bcd80000)
}
Event: 28.083 GC heap before
{Heap before GC invocations=6 (full 0):
 PSYoungGen      total 75264K, used 75245K [0x00000000eaa80000, 0x00000000f1280000, 0x0000000100000000)
  eden space 64512K, 100% used [0x00000000eaa80000,0x00000000ee980000,0x00000000ee980000)
  from space 10752K, 99% used [0x00000000eeb00000,0x00000000ef57b668,0x00000000ef580000)
  to   space 20992K, 0% used [0x00000000efe00000,0x00000000efe00000,0x00000000f1280000)
 ParOldGen       total 175104K, used 17229K [0x00000000c0000000, 0x00000000cab00000, 0x00000000eaa80000)
  object space 175104K, 9% used [0x00000000c0000000,0x00000000c10d36f8,0x00000000cab00000)
 PSPermGen       total 34304K, used 33899K [0x00000000bae00000, 0x00000000bcf80000, 0x00000000c0000000)
  object space 34304K, 98% used [0x00000000bae00000,0x00000000bcf1aff8,0x00000000bcf80000)
Event: 28.100 GC heap after
Heap after GC invocations=6 (full 0):
 PSYoungGen      total 83456K, used 16279K [0x00000000eaa80000, 0x00000000f1200000, 0x0000000100000000)
  eden space 62976K, 0% used [0x00000000eaa80000,0x00000000eaa80000,0x00000000ee800000)
  from space 20480K, 79% used [0x00000000efe00000,0x00000000f0de5c38,0x00000000f1200000)
  to   space 21504K, 0% used [0x00000000ee800000,0x00000000ee800000,0x00000000efd00000)
 ParOldGen       total 175104K, used 17229K [0x00000000c0000000, 0x00000000cab00000, 0x00000000eaa80000)
  object space 175104K, 9% used [0x00000000c0000000,0x00000000c10d36f8,0x00000000cab00000)
 PSPermGen       total 34304K, used 33899K [0x00000000bae00000, 0x00000000bcf80000, 0x00000000c0000000)
  object space 34304K, 98% used [0x00000000bae00000,0x00000000bcf1aff8,0x00000000bcf80000)
}

