# JRE version: Java(TM) SE Runtime Environment (7.0_51-b13) (build 1.7.0_51-b13)
# Java VM: Java HotSpot(TM) 64-Bit Server VM (24.51-b03 mixed mode windows-amd64 compressed oops)
Heap
 PSYoungGen      total 308224K, used 288750K [0x00000000eaa80000, 0x00000000ffb00000, 0x0000000100000000)
  eden space 294912K, 97% used [0x00000000eaa80000,0x00000000fc47ba08,0x00000000fca80000)
  from space 13312K, 0% used [0x00000000fdf00000,0x00000000fdf00000,0x00000000fec00000)
  to   space 20992K, 0% used [0x00000000fca80000,0x00000000fca80000,0x00000000fdf00000)
 ParOldGen       total 45056K, used 45027K [0x00000000c0000000, 0x00000000c2c00000, 0x00000000eaa80000)
  object space 45056K, 99% used [0x00000000c0000000,0x00000000c2bf8d20,0x00000000c2c00000)
 PSPermGen       total 94720K, used 45348K [0x00000000b0000000, 0x00000000b5c80000, 0x00000000c0000000)
  object space 94720K, 47% used [0x00000000b0000000,0x00000000b2c492b8,0x00000000b5c80000)
GC Heap History (10 events):
Event: 16.684 GC heap before
{Heap before GC invocations=20 (full 0):
 PSYoungGen      total 162304K, used 155456K [0x00000000eaa80000, 0x00000000f8d00000, 0x0000000100000000)
  eden space 154624K, 100% used [0x00000000eaa80000,0x00000000f4180000,0x00000000f4180000)
  from space 7680K, 10% used [0x00000000f4180000,0x00000000f4250000,0x00000000f4900000)
  to   space 7680K, 0% used [0x00000000f8580000,0x00000000f8580000,0x00000000f8d00000)
 ParOldGen       total 43008K, used 19932K [0x00000000c0000000, 0x00000000c2a00000, 0x00000000eaa80000)
  object space 43008K, 46% used [0x00000000c0000000,0x00000000c1377388,0x00000000c2a00000)
 PSPermGen       total 28672K, used 28591K [0x00000000b0000000, 0x00000000b1c00000, 0x00000000c0000000)
  object space 28672K, 99% used [0x00000000b0000000,0x00000000b1bebcb0,0x00000000b1c00000)
Event: 16.699 GC heap after
Heap after GC invocations=20 (full 0):
 PSYoungGen      total 223744K, used 5096K [0x00000000eaa80000, 0x00000000f8e00000, 0x0000000100000000)
  eden space 216064K, 0% used [0x00000000eaa80000,0x00000000eaa80000,0x00000000f7d80000)
  from space 7680K, 66% used [0x00000000f8580000,0x00000000f8a7a0c8,0x00000000f8d00000)
  to   space 8192K, 0% used [0x00000000f7d80000,0x00000000f7d80000,0x00000000f8580000)
 ParOldGen       total 43008K, used 20756K [0x00000000c0000000, 0x00000000c2a00000, 0x00000000eaa80000)
  object space 43008K, 48% used [0x00000000c0000000,0x00000000c14453f8,0x00000000c2a00000)
 PSPermGen       total 28672K, used 28591K [0x00000000b0000000, 0x00000000b1c00000, 0x00000000c0000000)
  object space 28672K, 99% used [0x00000000b0000000,0x00000000b1bebcb0,0x00000000b1c00000)
}
Event: 20.252 GC heap before
{Heap before GC invocations=21 (full 0):
 PSYoungGen      total 223744K, used 221160K [0x00000000eaa80000, 0x00000000f8e00000, 0x0000000100000000)
  eden space 216064K, 100% used [0x00000000eaa80000,0x00000000f7d80000,0x00000000f7d80000)
  from space 7680K, 66% used [0x00000000f8580000,0x00000000f8a7a0c8,0x00000000f8d00000)
  to   space 8192K, 0% used [0x00000000f7d80000,0x00000000f7d80000,0x00000000f8580000)
 ParOldGen       total 43008K, used 20756K [0x00000000c0000000, 0x00000000c2a00000, 0x00000000eaa80000)
  object space 43008K, 48% used [0x00000000c0000000,0x00000000c14453f8,0x00000000c2a00000)
 PSPermGen       total 35840K, used 35364K [0x00000000b0000000, 0x00000000b2300000, 0x00000000c0000000)
  object space 35840K, 98% used [0x00000000b0000000,0x00000000b22893e8,0x00000000b2300000)
Event: 20.301 GC heap after
Heap after GC invocations=21 (full 0):
 PSYoungGen      total 224256K, used 8182K [0x00000000eaa80000, 0x00000000fec00000, 0x0000000100000000)
  eden space 216064K, 0% used [0x00000000eaa80000,0x00000000eaa80000,0x00000000f7d80000)
  from space 8192K, 99% used [0x00000000f7d80000,0x00000000f857daa0,0x00000000f8580000)
  to   space 13312K, 0% used [0x00000000fdf00000,0x00000000fdf00000,0x00000000fec00000)
 ParOldGen       total 43008K, used 30527K [0x00000000c0000000, 0x00000000c2a00000, 0x00000000eaa80000)
  object space 43008K, 70% used [0x00000000c0000000,0x00000000c1dcff50,0x00000000c2a00000)
 PSPermGen       total 35840K, used 35364K [0x00000000b0000000, 0x00000000b2300000, 0x00000000c0000000)
  object space 35840K, 98% used [0x00000000b0000000,0x00000000b22893e8,0x00000000b2300000)
}
Event: 24.387 GC heap before
{Heap before GC invocations=22 (full 0):
 PSYoungGen      total 224256K, used 205058K [0x00000000eaa80000, 0x00000000fec00000, 0x0000000100000000)
  eden space 216064K, 91% used [0x00000000eaa80000,0x00000000f6ac3038,0x00000000f7d80000)
  from space 8192K, 99% used [0x00000000f7d80000,0x00000000f857daa0,0x00000000f8580000)
  to   space 13312K, 0% used [0x00000000fdf00000,0x00000000fdf00000,0x00000000fec00000)
 ParOldGen       total 43008K, used 30527K [0x00000000c0000000, 0x00000000c2a00000, 0x00000000eaa80000)
  object space 43008K, 70% used [0x00000000c0000000,0x00000000c1dcff50,0x00000000c2a00000)
 PSPermGen       total 41984K, used 41647K [0x00000000b0000000, 0x00000000b2900000, 0x00000000c0000000)
  object space 41984K, 99% used [0x00000000b0000000,0x00000000b28abda8,0x00000000b2900000)
Event: 24.430 GC heap after
Heap after GC invocations=22 (full 0):
 PSYoungGen      total 308224K, used 13310K [0x00000000eaa80000, 0x00000000ffb00000, 0x0000000100000000)
  eden space 294912K, 0% used [0x00000000eaa80000,0x00000000eaa80000,0x00000000fca80000)
  from space 13312K, 99% used [0x00000000fdf00000,0x00000000febffa28,0x00000000fec00000)
  to   space 20992K, 0% used [0x00000000fca80000,0x00000000fca80000,0x00000000fdf00000)
 ParOldGen       total 45056K, used 44724K [0x00000000c0000000, 0x00000000c2c00000, 0x00000000eaa80000)
  object space 45056K, 99% used [0x00000000c0000000,0x00000000c2bad118,0x00000000c2c00000)
 PSPermGen       total 41984K, used 41647K [0x00000000b0000000, 0x00000000b2900000, 0x00000000c0000000)
  object space 41984K, 99% used [0x00000000b0000000,0x00000000b28abda8,0x00000000b2900000)
}
Event: 24.430 GC heap before
{Heap before GC invocations=23 (full 1):
 PSYoungGen      total 308224K, used 13310K [0x00000000eaa80000, 0x00000000ffb00000, 0x0000000100000000)
  eden space 294912K, 0% used [0x00000000eaa80000,0x00000000eaa80000,0x00000000fca80000)
  from space 13312K, 99% used [0x00000000fdf00000,0x00000000febffa28,0x00000000fec00000)
  to   space 20992K, 0% used [0x00000000fca80000,0x00000000fca80000,0x00000000fdf00000)
 ParOldGen       total 45056K, used 44724K [0x00000000c0000000, 0x00000000c2c00000, 0x00000000eaa80000)
  object space 45056K, 99% used [0x00000000c0000000,0x00000000c2bad118,0x00000000c2c00000)
 PSPermGen       total 41984K, used 41647K [0x00000000b0000000, 0x00000000b2900000, 0x00000000c0000000)
  object space 41984K, 99% used [0x00000000b0000000,0x00000000b28abda8,0x00000000b2900000)
Event: 24.735 GC heap after
Heap after GC invocations=23 (full 1):
 PSYoungGen      total 308224K, used 0K [0x00000000eaa80000, 0x00000000ffb00000, 0x0000000100000000)
  eden space 294912K, 0% used [0x00000000eaa80000,0x00000000eaa80000,0x00000000fca80000)
  from space 13312K, 0% used [0x00000000fdf00000,0x00000000fdf00000,0x00000000fec00000)
  to   space 20992K, 0% used [0x00000000fca80000,0x00000000fca80000,0x00000000fdf00000)
 ParOldGen       total 45056K, used 42667K [0x00000000c0000000, 0x00000000c2c00000, 0x00000000eaa80000)
  object space 45056K, 94% used [0x00000000c0000000,0x00000000c29aada8,0x00000000c2c00000)
 PSPermGen       total 83456K, used 41464K [0x00000000b0000000, 0x00000000b5180000, 0x00000000c0000000)
  object space 83456K, 49% used [0x00000000b0000000,0x00000000b287e038,0x00000000b5180000)
}
Event: 103.152 GC heap before
{Heap before GC invocations=24 (full 2):
 PSYoungGen      total 308224K, used 294912K [0x00000000eaa80000, 0x00000000ffb00000, 0x0000000100000000)
  eden space 294912K, 100% used [0x00000000eaa80000,0x00000000fca80000,0x00000000fca80000)
  from space 13312K, 0% used [0x00000000fdf00000,0x00000000fdf00000,0x00000000fec00000)
  to   space 20992K, 0% used [0x00000000fca80000,0x00000000fca80000,0x00000000fdf00000)
 ParOldGen       total 45056K, used 42667K [0x00000000c0000000, 0x00000000c2c00000, 0x00000000eaa80000)
  object space 45056K, 94% used [0x00000000c0000000,0x00000000c29aada8,0x00000000c2c00000)
 PSPermGen       total 83456K, used 42646K [0x00000000b0000000, 0x00000000b5180000, 0x00000000c0000000)
  object space 83456K, 51% used [0x00000000b0000000,0x00000000b29a5858,0x00000000b5180000)
Event: 103.402 GC heap after
Heap after GC invocations=24 (full 2):
 PSYoungGen      total 308224K, used 6063K [0x00000000eaa80000, 0x00000000ffb00000, 0x0000000100000000)
  eden space 294912K, 2% used [0x00000000eaa80000,0x00000000eb06bf60,0x00000000fca80000)
  from space 13312K, 0% used [0x00000000fdf00000,0x00000000fdf00000,0x00000000fec00000)
  to   space 20992K, 0% used [0x00000000fca80000,0x00000000fca80000,0x00000000fdf00000)
 ParOldGen       total 45056K, used 45027K [0x00000000c0000000, 0x00000000c2c00000, 0x00000000eaa80000)
  object space 45056K, 99% used [0x00000000c0000000,0x00000000c2bf8d20,0x00000000c2c00000)
 PSPermGen       total 94720K, used 42644K [0x00000000b0000000, 0x00000000b5c80000, 0x00000000c0000000)
  object space 94720K, 45% used [0x00000000b0000000,0x00000000b29a51b8,0x00000000b5c80000)
}

