# JRE version: Java(TM) SE Runtime Environment (7.0_51-b13) (build 1.7.0_51-b13)
# Java VM: Java HotSpot(TM) 64-Bit Server VM (24.51-b03 mixed mode windows-amd64 compressed oops)
Heap
 PSYoungGen      total 79360K, used 22398K [0x00000000eaa80000, 0x00000000f1180000, 0x0000000100000000)
  eden space 61440K, 7% used [0x00000000eaa80000,0x00000000eaf2c7e0,0x00000000ee680000)
  from space 17920K, 98% used [0x00000000ee800000,0x00000000ef933248,0x00000000ef980000)
  to   space 22016K, 0% used [0x00000000efc00000,0x00000000efc00000,0x00000000f1180000)
 ParOldGen       total 175104K, used 22549K [0x00000000c0000000, 0x00000000cab00000, 0x00000000eaa80000)
  object space 175104K, 12% used [0x00000000c0000000,0x00000000c16057e8,0x00000000cab00000)
 PSPermGen       total 36864K, used 36458K [0x00000000bae00000, 0x00000000bd200000, 0x00000000c0000000)
  object space 36864K, 98% used [0x00000000bae00000,0x00000000bd19a930,0x00000000bd200000)
GC Heap History (10 events):
Event: 4.794 GC heap before
{Heap before GC invocations=3 (full 0):
 PSYoungGen      total 76800K, used 76782K [0x00000000eaa80000, 0x00000000f0000000, 0x0000000100000000)
  eden space 66048K, 100% used [0x00000000eaa80000,0x00000000eeb00000,0x00000000eeb00000)
  from space 10752K, 99% used [0x00000000ef580000,0x00000000efffb800,0x00000000f0000000)
  to   space 10752K, 0% used [0x00000000eeb00000,0x00000000eeb00000,0x00000000ef580000)
 ParOldGen       total 175104K, used 1881K [0x00000000c0000000, 0x00000000cab00000, 0x00000000eaa80000)
  object space 175104K, 1% used [0x00000000c0000000,0x00000000c01d65c0,0x00000000cab00000)
 PSPermGen       total 26112K, used 25856K [0x00000000bae00000, 0x00000000bc780000, 0x00000000c0000000)
  object space 26112K, 99% used [0x00000000bae00000,0x00000000bc740030,0x00000000bc780000)
Event: 4.806 GC heap after
Heap after GC invocations=3 (full 0):
 PSYoungGen      total 76800K, used 10723K [0x00000000eaa80000, 0x00000000f0000000, 0x0000000100000000)
  eden space 66048K, 0% used [0x00000000eaa80000,0x00000000eaa80000,0x00000000eeb00000)
  from space 10752K, 99% used [0x00000000eeb00000,0x00000000ef578c70,0x00000000ef580000)
  to   space 10752K, 0% used [0x00000000ef580000,0x00000000ef580000,0x00000000f0000000)
 ParOldGen       total 175104K, used 4383K [0x00000000c0000000, 0x00000000cab00000, 0x00000000eaa80000)
  object space 175104K, 2% used [0x00000000c0000000,0x00000000c0447fd8,0x00000000cab00000)
 PSPermGen       total 26112K, used 25856K [0x00000000bae00000, 0x00000000bc780000, 0x00000000c0000000)
  object space 26112K, 99% used [0x00000000bae00000,0x00000000bc740030,0x00000000bc780000)
}
Event: 6.935 GC heap before
{Heap before GC invocations=4 (full 0):
 PSYoungGen      total 76800K, used 76771K [0x00000000eaa80000, 0x00000000f0000000, 0x0000000100000000)
  eden space 66048K, 100% used [0x00000000eaa80000,0x00000000eeb00000,0x00000000eeb00000)
  from space 10752K, 99% used [0x00000000eeb00000,0x00000000ef578c70,0x00000000ef580000)
  to   space 10752K, 0% used [0x00000000ef580000,0x00000000ef580000,0x00000000f0000000)
 ParOldGen       total 175104K, used 4383K [0x00000000c0000000, 0x00000000cab00000, 0x00000000eaa80000)
  object space 175104K, 2% used [0x00000000c0000000,0x00000000c0447fd8,0x00000000cab00000)
 PSPermGen       total 29184K, used 29048K [0x00000000bae00000, 0x00000000bca80000, 0x00000000c0000000)
  object space 29184K, 99% used [0x00000000bae00000,0x00000000bca5e1f8,0x00000000bca80000)
Event: 6.949 GC heap after
Heap after GC invocations=4 (full 0):
 PSYoungGen      total 76800K, used 10724K [0x00000000eaa80000, 0x00000000f0000000, 0x0000000100000000)
  eden space 66048K, 0% used [0x00000000eaa80000,0x00000000eaa80000,0x00000000eeb00000)
  from space 10752K, 99% used [0x00000000ef580000,0x00000000efff9040,0x00000000f0000000)
  to   space 10752K, 0% used [0x00000000eeb00000,0x00000000eeb00000,0x00000000ef580000)
 ParOldGen       total 175104K, used 8098K [0x00000000c0000000, 0x00000000cab00000, 0x00000000eaa80000)
  object space 175104K, 4% used [0x00000000c0000000,0x00000000c07e88e0,0x00000000cab00000)
 PSPermGen       total 29184K, used 29048K [0x00000000bae00000, 0x00000000bca80000, 0x00000000c0000000)
  object space 29184K, 99% used [0x00000000bae00000,0x00000000bca5e1f8,0x00000000bca80000)
}
Event: 13.799 GC heap before
{Heap before GC invocations=5 (full 0):
 PSYoungGen      total 76800K, used 76772K [0x00000000eaa80000, 0x00000000f0000000, 0x0000000100000000)
  eden space 66048K, 100% used [0x00000000eaa80000,0x00000000eeb00000,0x00000000eeb00000)
  from space 10752K, 99% used [0x00000000ef580000,0x00000000efff9040,0x00000000f0000000)
  to   space 10752K, 0% used [0x00000000eeb00000,0x00000000eeb00000,0x00000000ef580000)
 ParOldGen       total 175104K, used 8098K [0x00000000c0000000, 0x00000000cab00000, 0x00000000eaa80000)
  object space 175104K, 4% used [0x00000000c0000000,0x00000000c07e88e0,0x00000000cab00000)
 PSPermGen       total 32256K, used 32031K [0x00000000bae00000, 0x00000000bcd80000, 0x00000000c0000000)
  object space 32256K, 99% used [0x00000000bae00000,0x00000000bcd47fc0,0x00000000bcd80000)
Event: 13.831 GC heap after
Heap after GC invocations=5 (full 0):
 PSYoungGen      total 75264K, used 10751K [0x00000000eaa80000, 0x00000000f1280000, 0x0000000100000000)
  eden space 64512K, 0% used [0x00000000eaa80000,0x00000000eaa80000,0x00000000ee980000)
  from space 10752K, 99% used [0x00000000eeb00000,0x00000000ef57fe78,0x00000000ef580000)
  to   space 20992K, 0% used [0x00000000efe00000,0x00000000efe00000,0x00000000f1280000)
 ParOldGen       total 175104K, used 17341K [0x00000000c0000000, 0x00000000cab00000, 0x00000000eaa80000)
  object space 175104K, 9% used [0x00000000c0000000,0x00000000c10ef400,0x00000000cab00000)
 PSPermGen       total 32256K, used 32031K [0x00000000bae00000, 0x00000000bcd80000, 0x00000000c0000000)
  object space 32256K, 99% used [0x00000000bae00000,0x00000000bcd47fc0,0x00000000bcd80000)
}
Event: 22.126 GC heap before
{Heap before GC invocations=6 (full 0):
 PSYoungGen      total 75264K, used 75263K [0x00000000eaa80000, 0x00000000f1280000, 0x0000000100000000)
  eden space 64512K, 100% used [0x00000000eaa80000,0x00000000ee980000,0x00000000ee980000)
  from space 10752K, 99% used [0x00000000eeb00000,0x00000000ef57fe78,0x00000000ef580000)
  to   space 20992K, 0% used [0x00000000efe00000,0x00000000efe00000,0x00000000f1280000)
 ParOldGen       total 175104K, used 17341K [0x00000000c0000000, 0x00000000cab00000, 0x00000000eaa80000)
  object space 175104K, 9% used [0x00000000c0000000,0x00000000c10ef400,0x00000000cab00000)
 PSPermGen       total 34304K, used 33890K [0x00000000bae00000, 0x00000000bcf80000, 0x00000000c0000000)
  object space 34304K, 98% used [0x00000000bae00000,0x00000000bcf18828,0x00000000bcf80000)
Event: 22.143 GC heap after
Heap after GC invocations=6 (full 0):
 PSYoungGen      total 83456K, used 16165K [0x00000000eaa80000, 0x00000000f1200000, 0x0000000100000000)
  eden space 62976K, 0% used [0x00000000eaa80000,0x00000000eaa80000,0x00000000ee800000)
  from space 20480K, 78% used [0x00000000efe00000,0x00000000f0dc9450,0x00000000f1200000)
  to   space 21504K, 0% used [0x00000000ee800000,0x00000000ee800000,0x00000000efd00000)
 ParOldGen       total 175104K, used 17341K [0x00000000c0000000, 0x00000000cab00000, 0x00000000eaa80000)
  object space 175104K, 9% used [0x00000000c0000000,0x00000000c10ef400,0x00000000cab00000)
 PSPermGen       total 34304K, used 33890K [0x00000000bae00000, 0x00000000bcf80000, 0x00000000c0000000)
  object space 34304K, 98% used [0x00000000bae00000,0x00000000bcf18828,0x00000000bcf80000)
}
Event: 23.468 GC heap before
{Heap before GC invocations=7 (full 0):
 PSYoungGen      total 83456K, used 79141K [0x00000000eaa80000, 0x00000000f1200000, 0x0000000100000000)
  eden space 62976K, 100% used [0x00000000eaa80000,0x00000000ee800000,0x00000000ee800000)
  from space 20480K, 78% used [0x00000000efe00000,0x00000000f0dc9450,0x00000000f1200000)
  to   space 21504K, 0% used [0x00000000ee800000,0x00000000ee800000,0x00000000efd00000)
 ParOldGen       total 175104K, used 17341K [0x00000000c0000000, 0x00000000cab00000, 0x00000000eaa80000)
  object space 175104K, 9% used [0x00000000c0000000,0x00000000c10ef400,0x00000000cab00000)
 PSPermGen       total 36352K, used 36193K [0x00000000bae00000, 0x00000000bd180000, 0x00000000c0000000)
  object space 36352K, 99% used [0x00000000bae00000,0x00000000bd158530,0x00000000bd180000)
Event: 23.495 GC heap after
Heap after GC invocations=7 (full 0):
 PSYoungGen      total 79360K, used 17612K [0x00000000eaa80000, 0x00000000f1180000, 0x0000000100000000)
  eden space 61440K, 0% used [0x00000000eaa80000,0x00000000eaa80000,0x00000000ee680000)
  from space 17920K, 98% used [0x00000000ee800000,0x00000000ef933248,0x00000000ef980000)
  to   space 22016K, 0% used [0x00000000efc00000,0x00000000efc00000,0x00000000f1180000)
 ParOldGen       total 175104K, used 22549K [0x00000000c0000000, 0x00000000cab00000, 0x00000000eaa80000)
  object space 175104K, 12% used [0x00000000c0000000,0x00000000c16057e8,0x00000000cab00000)
 PSPermGen       total 36352K, used 36193K [0x00000000bae00000, 0x00000000bd180000, 0x00000000c0000000)
  object space 36352K, 99% used [0x00000000bae00000,0x00000000bd158530,0x00000000bd180000)
}

